#
# There is insufficient memory for the Java Runtime Environment to continue.
# Native memory allocation (malloc) failed to allocate 1003136 bytes for Chunk::new
# Possible reasons:
#   The system is out of physical RAM or swap space
#   The process is running with CompressedOops enabled, and the Java Heap may be blocking the growth of the native heap
# Possible solutions:
#   Reduce memory load on the system
#   Increase physical memory or swap space
#   Check if swap backing store is full
#   Decrease Java heap size (-Xmx/-Xms)
#   Decrease number of Java threads
#   Decrease Java thread stack sizes (-Xss)
#   Set larger code cache with -XX:ReservedCodeCacheSize=
#   JVM is running with Unscaled Compressed Oops mode in which the Java heap is
#     placed in the first 4GB address space. The Java Heap base address is the
#     maximum limit for the native heap growth. Please use -XX:HeapBaseMinAddress
#     to set the Java Heap base and to place the Java Heap above 4GB virtual address.
# This output file may be truncated or incomplete.
#
#  Out of Memory Error (arena.cpp:189), pid=2836, tid=2804
#
# JRE version: OpenJDK Runtime Environment (17.0.6) (build 17.0.6+0-b2043.56-10027231)
# Java VM: OpenJDK 64-Bit Server VM (17.0.6+0-b2043.56-10027231, mixed mode, tiered, compressed oops, compressed class ptrs, g1 gc, windows-amd64)
# No core dump will be written. Minidumps are not enabled by default on client versions of Windows
#

---------------  S U M M A R Y ------------

Command Line: --add-opens=java.base/java.util=ALL-UNNAMED --add-opens=java.base/java.lang=ALL-UNNAMED --add-opens=java.base/java.lang.invoke=ALL-UNNAMED --add-opens=java.prefs/java.util.prefs=ALL-UNNAMED --add-opens=java.base/java.nio.charset=ALL-UNNAMED --add-opens=java.base/java.net=ALL-UNNAMED --add-opens=java.base/java.util.concurrent.atomic=ALL-UNNAMED -Xmx2048m -Dfile.encoding=UTF-8 -Duser.country=US -Duser.language=en -Duser.variant org.gradle.launcher.daemon.bootstrap.GradleDaemon 8.0

Host: Intel(R) Core(TM) i7-6600U CPU @ 2.60GHz, 4 cores, 7G,  Windows 10 , 64 bit Build 19041 (10.0.19041.3155)
Time: Sun Aug  6 15:06:47 2023 India Standard Time elapsed time: 6.199210 seconds (0d 0h 0m 6s)

---------------  T H R E A D  ---------------

Current thread (0x0000016e6280a970):  JavaThread "C2 CompilerThread0" daemon [_thread_in_native, id=2804, stack(0x0000006112b00000,0x0000006112c00000)]


Current CompileTask:
C2:   6199 2325   !   4       java.net.URLClassLoader::findClass (47 bytes)

Stack: [0x0000006112b00000,0x0000006112c00000]
Native frames: (J=compiled Java code, j=interpreted, Vv=VM code, C=native code)
V  [jvm.dll+0x683c9a]
V  [jvm.dll+0x8427a4]
V  [jvm.dll+0x843f9e]
V  [jvm.dll+0x844603]
V  [jvm.dll+0x249b75]
V  [jvm.dll+0xabcac]
V  [jvm.dll+0xac27c]
V  [jvm.dll+0x2b0eef]
V  [jvm.dll+0x58a267]
V  [jvm.dll+0x2243b2]
V  [jvm.dll+0x22478f]
V  [jvm.dll+0x21e055]
V  [jvm.dll+0x21b51b]
V  [jvm.dll+0x1a4fdd]
V  [jvm.dll+0x22b098]
V  [jvm.dll+0x229159]
V  [jvm.dll+0x7f81ec]
V  [jvm.dll+0x7f274a]
V  [jvm.dll+0x682ad5]
C  [ucrtbase.dll+0x21bb2]
C  [KERNEL32.DLL+0x17614]
C  [ntdll.dll+0x526b1]


---------------  P R O C E S S  ---------------

Threads class SMR info:
_java_thread_list=0x0000016e6573a600, length=25, elements={
0x0000016e486dbed0, 0x0000016e61c837c0, 0x0000016e61c84f60, 0x0000016e62800080,
0x0000016e62800aa0, 0x0000016e62805080, 0x0000016e628060e0, 0x0000016e6280a970,
0x0000016e6280cad0, 0x0000016e62820010, 0x0000016e629aa020, 0x0000016e629b2990,
0x0000016e63ebe0b0, 0x0000016e63ebd710, 0x0000016e63ebef20, 0x0000016e63ec10d0,
0x0000016e63ec0260, 0x0000016e63ebfd90, 0x0000016e63ec0730, 0x0000016e63ebe580,
0x0000016e63ebdbe0, 0x0000016e63ebf3f0, 0x0000016e63ebf8c0, 0x0000016e63ec0c00,
0x0000016e63ebea50
}

Java Threads: ( => current thread )
  0x0000016e486dbed0 JavaThread "main" [_thread_blocked, id=3228, stack(0x0000006111e00000,0x0000006111f00000)]
  0x0000016e61c837c0 JavaThread "Reference Handler" daemon [_thread_blocked, id=11548, stack(0x0000006112500000,0x0000006112600000)]
  0x0000016e61c84f60 JavaThread "Finalizer" daemon [_thread_blocked, id=7188, stack(0x0000006112600000,0x0000006112700000)]
  0x0000016e62800080 JavaThread "Signal Dispatcher" daemon [_thread_blocked, id=5816, stack(0x0000006112700000,0x0000006112800000)]
  0x0000016e62800aa0 JavaThread "Attach Listener" daemon [_thread_blocked, id=6676, stack(0x0000006112800000,0x0000006112900000)]
  0x0000016e62805080 JavaThread "Service Thread" daemon [_thread_blocked, id=5948, stack(0x0000006112900000,0x0000006112a00000)]
  0x0000016e628060e0 JavaThread "Monitor Deflation Thread" daemon [_thread_blocked, id=14804, stack(0x0000006112a00000,0x0000006112b00000)]
=>0x0000016e6280a970 JavaThread "C2 CompilerThread0" daemon [_thread_in_native, id=2804, stack(0x0000006112b00000,0x0000006112c00000)]
  0x0000016e6280cad0 JavaThread "C1 CompilerThread0" daemon [_thread_blocked, id=10656, stack(0x0000006112c00000,0x0000006112d00000)]
  0x0000016e62820010 JavaThread "Sweeper thread" daemon [_thread_blocked, id=2476, stack(0x0000006112d00000,0x0000006112e00000)]
  0x0000016e629aa020 JavaThread "Common-Cleaner" daemon [_thread_blocked, id=2912, stack(0x0000006112e00000,0x0000006112f00000)]
  0x0000016e629b2990 JavaThread "Notification Thread" daemon [_thread_blocked, id=14664, stack(0x0000006112f00000,0x0000006113000000)]
  0x0000016e63ebe0b0 JavaThread "Daemon health stats" [_thread_blocked, id=14944, stack(0x0000006113500000,0x0000006113600000)]
  0x0000016e63ebd710 JavaThread "Incoming local TCP Connector on port 50659" [_thread_in_native, id=4660, stack(0x0000006113600000,0x0000006113700000)]
  0x0000016e63ebef20 JavaThread "Daemon periodic checks" [_thread_blocked, id=1096, stack(0x0000006113700000,0x0000006113800000)]
  0x0000016e63ec10d0 JavaThread "Daemon" [_thread_blocked, id=5916, stack(0x0000006113800000,0x0000006113900000)]
  0x0000016e63ec0260 JavaThread "Handler for socket connection from /127.0.0.1:50659 to /127.0.0.1:50660" [_thread_in_native, id=15352, stack(0x0000006113900000,0x0000006113a00000)]
  0x0000016e63ebfd90 JavaThread "Cancel handler" [_thread_blocked, id=10084, stack(0x0000006113a00000,0x0000006113b00000)]
  0x0000016e63ec0730 JavaThread "Daemon worker" [_thread_in_vm, id=5228, stack(0x0000006113b00000,0x0000006113c00000)]
  0x0000016e63ebe580 JavaThread "Asynchronous log dispatcher for DefaultDaemonConnection: socket connection from /127.0.0.1:50659 to /127.0.0.1:50660" [_thread_blocked, id=12228, stack(0x0000006113c00000,0x0000006113d00000)]
  0x0000016e63ebdbe0 JavaThread "Stdin handler" [_thread_blocked, id=9996, stack(0x0000006113d00000,0x0000006113e00000)]
  0x0000016e63ebf3f0 JavaThread "Daemon client event forwarder" [_thread_blocked, id=10880, stack(0x0000006113e00000,0x0000006113f00000)]
  0x0000016e63ebf8c0 JavaThread "Cache worker for journal cache (C:\Users\Admin\.gradle\caches\journal-1)" [_thread_blocked, id=8292, stack(0x0000006113100000,0x0000006113200000)]
  0x0000016e63ec0c00 JavaThread "File lock request listener" [_thread_in_native, id=1300, stack(0x0000006113f00000,0x0000006114000000)]
  0x0000016e63ebea50 JavaThread "Cache worker for file hash cache (C:\Users\Admin\.gradle\caches\8.0\fileHashes)" [_thread_blocked, id=8996, stack(0x0000006114000000,0x0000006114100000)]

Other Threads:
  0x0000016e61c7ec30 VMThread "VM Thread" [stack: 0x0000006112400000,0x0000006112500000] [id=2344]
  0x0000016e629b2e60 WatcherThread [stack: 0x0000006113000000,0x0000006113100000] [id=13496]
  0x0000016e48739340 GCTaskThread "GC Thread#0" [stack: 0x0000006111f00000,0x0000006112000000] [id=15196]
  0x0000016e62b6cd50 GCTaskThread "GC Thread#1" [stack: 0x0000006113200000,0x0000006113300000] [id=1544]
  0x0000016e6305e970 GCTaskThread "GC Thread#2" [stack: 0x0000006113300000,0x0000006113400000] [id=2440]
  0x0000016e6305ec20 GCTaskThread "GC Thread#3" [stack: 0x0000006113400000,0x0000006113500000] [id=12364]
  0x0000016e4874b1a0 ConcurrentGCThread "G1 Main Marker" [stack: 0x0000006112000000,0x0000006112100000] [id=2092]
  0x0000016e4874e270 ConcurrentGCThread "G1 Conc#0" [stack: 0x0000006112100000,0x0000006112200000] [id=13416]
  0x0000016e487a2160 ConcurrentGCThread "G1 Refine#0" [stack: 0x0000006112200000,0x0000006112300000] [id=11724]
  0x0000016e61b020b0 ConcurrentGCThread "G1 Service" [stack: 0x0000006112300000,0x0000006112400000] [id=13752]

Threads with active compile tasks:
C2 CompilerThread0     6248 2325   !   4       java.net.URLClassLoader::findClass (47 bytes)

VM state: not at safepoint (normal execution)

VM Mutex/Monitor currently owned by a thread:  ([mutex/lock_event])
[0x0000016e486d93e0] MethodCompileQueue_lock - owner thread: 0x0000000000000000

Heap address: 0x0000000080000000, size: 2048 MB, Compressed Oops mode: 32-bit

CDS archive(s) not mapped
Compressed class space mapped at: 0x0000000100000000-0x0000000140000000, reserved size: 1073741824
Narrow klass base: 0x0000000000000000, Narrow klass shift: 3, Narrow klass range: 0x140000000

GC Precious Log:
 CPUs: 4 total, 4 available
 Memory: 8013M
 Large Page Support: Disabled
 NUMA Support: Disabled
 Compressed Oops: Enabled (32-bit)
 Heap Region Size: 1M
 Heap Min Capacity: 8M
 Heap Initial Capacity: 126M
 Heap Max Capacity: 2G
 Pre-touch: Disabled
 Parallel Workers: 4
 Concurrent Workers: 1
 Concurrent Refinement Workers: 4
 Periodic GC: Disabled

Heap:
 garbage-first heap   total 68608K, used 23352K [0x0000000080000000, 0x0000000100000000)
  region size 1024K, 6 young (6144K), 2 survivors (2048K)
 Metaspace       used 26865K, committed 27200K, reserved 1073152K
  class space    used 3548K, committed 3712K, reserved 1048576K

Heap Regions: E=young(eden), S=young(survivor), O=old, HS=humongous(starts), HC=humongous(continues), CS=collection set, F=free, OA=open archive, CA=closed archive, TAMS=top-at-mark-start (previous, next)
|   0|0x0000000080000000, 0x0000000080100000, 0x0000000080100000|100%| O|  |TAMS 0x0000000080100000, 0x0000000080000000| Untracked 
|   1|0x0000000080100000, 0x0000000080200000, 0x0000000080200000|100%| O|  |TAMS 0x0000000080200000, 0x0000000080100000| Untracked 
|   2|0x0000000080200000, 0x0000000080300000, 0x0000000080300000|100%|HS|  |TAMS 0x0000000080300000, 0x0000000080200000| Complete 
|   3|0x0000000080300000, 0x0000000080400000, 0x0000000080400000|100%|HC|  |TAMS 0x0000000080400000, 0x0000000080300000| Complete 
|   4|0x0000000080400000, 0x0000000080500000, 0x0000000080500000|100%|HC|  |TAMS 0x0000000080500000, 0x0000000080400000| Complete 
|   5|0x0000000080500000, 0x0000000080600000, 0x0000000080600000|100%|HC|  |TAMS 0x0000000080600000, 0x0000000080500000| Complete 
|   6|0x0000000080600000, 0x0000000080700000, 0x0000000080700000|100%| O|  |TAMS 0x0000000080700000, 0x0000000080600000| Untracked 
|   7|0x0000000080700000, 0x0000000080800000, 0x0000000080800000|100%| O|  |TAMS 0x0000000080800000, 0x0000000080700000| Untracked 
|   8|0x0000000080800000, 0x0000000080900000, 0x0000000080900000|100%| O|  |TAMS 0x0000000080800000, 0x0000000080800000| Untracked 
|   9|0x0000000080900000, 0x0000000080a00000, 0x0000000080a00000|100%| O|  |TAMS 0x0000000080a00000, 0x0000000080900000| Untracked 
|  10|0x0000000080a00000, 0x0000000080b00000, 0x0000000080b00000|100%| O|  |TAMS 0x0000000080b00000, 0x0000000080a00000| Untracked 
|  11|0x0000000080b00000, 0x0000000080b32200, 0x0000000080c00000| 19%| O|  |TAMS 0x0000000080b32200, 0x0000000080b00000| Untracked 
|  12|0x0000000080c00000, 0x0000000080d00000, 0x0000000080d00000|100%| O|  |TAMS 0x0000000080c00000, 0x0000000080c00000| Untracked 
|  13|0x0000000080d00000, 0x0000000080e00000, 0x0000000080e00000|100%| O|  |TAMS 0x0000000080d00000, 0x0000000080d00000| Untracked 
|  14|0x0000000080e00000, 0x0000000080f00000, 0x0000000080f00000|100%| O|  |TAMS 0x0000000080e00000, 0x0000000080e00000| Untracked 
|  15|0x0000000080f00000, 0x0000000081000000, 0x0000000081000000|100%| O|  |TAMS 0x0000000080f00000, 0x0000000080f00000| Untracked 
|  16|0x0000000081000000, 0x0000000081100000, 0x0000000081100000|100%| O|  |TAMS 0x0000000081000000, 0x0000000081000000| Untracked 
|  17|0x0000000081100000, 0x0000000081200000, 0x0000000081200000|100%| O|  |TAMS 0x0000000081100000, 0x0000000081100000| Untracked 
|  18|0x0000000081200000, 0x000000008129be00, 0x0000000081300000| 60%| O|  |TAMS 0x0000000081200000, 0x0000000081200000| Untracked 
|  19|0x0000000081300000, 0x0000000081300000, 0x0000000081400000|  0%| F|  |TAMS 0x0000000081300000, 0x0000000081300000| Untracked 
|  20|0x0000000081400000, 0x0000000081400000, 0x0000000081500000|  0%| F|  |TAMS 0x0000000081400000, 0x0000000081400000| Untracked 
|  21|0x0000000081500000, 0x0000000081500000, 0x0000000081600000|  0%| F|  |TAMS 0x0000000081500000, 0x0000000081500000| Untracked 
|  22|0x0000000081600000, 0x0000000081600000, 0x0000000081700000|  0%| F|  |TAMS 0x0000000081600000, 0x0000000081600000| Untracked 
|  23|0x0000000081700000, 0x0000000081700000, 0x0000000081800000|  0%| F|  |TAMS 0x0000000081700000, 0x0000000081700000| Untracked 
|  24|0x0000000081800000, 0x0000000081800000, 0x0000000081900000|  0%| F|  |TAMS 0x0000000081800000, 0x0000000081800000| Untracked 
|  25|0x0000000081900000, 0x0000000081a00000, 0x0000000081a00000|100%| S|CS|TAMS 0x0000000081900000, 0x0000000081900000| Complete 
|  26|0x0000000081a00000, 0x0000000081b00000, 0x0000000081b00000|100%| S|CS|TAMS 0x0000000081a00000, 0x0000000081a00000| Complete 
|  27|0x0000000081b00000, 0x0000000081b00000, 0x0000000081c00000|  0%| F|  |TAMS 0x0000000081b00000, 0x0000000081b00000| Untracked 
|  28|0x0000000081c00000, 0x0000000081c00000, 0x0000000081d00000|  0%| F|  |TAMS 0x0000000081c00000, 0x0000000081c00000| Untracked 
|  29|0x0000000081d00000, 0x0000000081d00000, 0x0000000081e00000|  0%| F|  |TAMS 0x0000000081d00000, 0x0000000081d00000| Untracked 
|  30|0x0000000081e00000, 0x0000000081e00000, 0x0000000081f00000|  0%| F|  |TAMS 0x0000000081e00000, 0x0000000081e00000| Untracked 
|  31|0x0000000081f00000, 0x0000000081f00000, 0x0000000082000000|  0%| F|  |TAMS 0x0000000081f00000, 0x0000000081f00000| Untracked 
|  32|0x0000000082000000, 0x0000000082000000, 0x0000000082100000|  0%| F|  |TAMS 0x0000000082000000, 0x0000000082000000| Untracked 
|  33|0x0000000082100000, 0x0000000082100000, 0x0000000082200000|  0%| F|  |TAMS 0x0000000082100000, 0x0000000082100000| Untracked 
|  34|0x0000000082200000, 0x0000000082200000, 0x0000000082300000|  0%| F|  |TAMS 0x0000000082200000, 0x0000000082200000| Untracked 
|  35|0x0000000082300000, 0x0000000082300000, 0x0000000082400000|  0%| F|  |TAMS 0x0000000082300000, 0x0000000082300000| Untracked 
|  36|0x0000000082400000, 0x0000000082400000, 0x0000000082500000|  0%| F|  |TAMS 0x0000000082400000, 0x0000000082400000| Untracked 
|  37|0x0000000082500000, 0x0000000082500000, 0x0000000082600000|  0%| F|  |TAMS 0x0000000082500000, 0x0000000082500000| Untracked 
|  38|0x0000000082600000, 0x0000000082600000, 0x0000000082700000|  0%| F|  |TAMS 0x0000000082600000, 0x0000000082600000| Untracked 
|  39|0x0000000082700000, 0x0000000082700000, 0x0000000082800000|  0%| F|  |TAMS 0x0000000082700000, 0x0000000082700000| Untracked 
|  40|0x0000000082800000, 0x0000000082800000, 0x0000000082900000|  0%| F|  |TAMS 0x0000000082800000, 0x0000000082800000| Untracked 
|  41|0x0000000082900000, 0x0000000082900000, 0x0000000082a00000|  0%| F|  |TAMS 0x0000000082900000, 0x0000000082900000| Untracked 
|  42|0x0000000082a00000, 0x0000000082a00000, 0x0000000082b00000|  0%| F|  |TAMS 0x0000000082a00000, 0x0000000082a00000| Untracked 
|  43|0x0000000082b00000, 0x0000000082b00000, 0x0000000082c00000|  0%| F|  |TAMS 0x0000000082b00000, 0x0000000082b00000| Untracked 
|  44|0x0000000082c00000, 0x0000000082c00000, 0x0000000082d00000|  0%| F|  |TAMS 0x0000000082c00000, 0x0000000082c00000| Untracked 
|  45|0x0000000082d00000, 0x0000000082d00000, 0x0000000082e00000|  0%| F|  |TAMS 0x0000000082d00000, 0x0000000082d00000| Untracked 
|  46|0x0000000082e00000, 0x0000000082e00000, 0x0000000082f00000|  0%| F|  |TAMS 0x0000000082e00000, 0x0000000082e00000| Untracked 
|  47|0x0000000082f00000, 0x0000000082f00000, 0x0000000083000000|  0%| F|  |TAMS 0x0000000082f00000, 0x0000000082f00000| Untracked 
|  48|0x0000000083000000, 0x0000000083000000, 0x0000000083100000|  0%| F|  |TAMS 0x0000000083000000, 0x0000000083000000| Untracked 
|  49|0x0000000083100000, 0x0000000083100000, 0x0000000083200000|  0%| F|  |TAMS 0x0000000083100000, 0x0000000083100000| Untracked 
|  50|0x0000000083200000, 0x0000000083200000, 0x0000000083300000|  0%| F|  |TAMS 0x0000000083200000, 0x0000000083200000| Untracked 
|  51|0x0000000083300000, 0x0000000083300000, 0x0000000083400000|  0%| F|  |TAMS 0x0000000083300000, 0x0000000083300000| Untracked 
|  52|0x0000000083400000, 0x0000000083400000, 0x0000000083500000|  0%| F|  |TAMS 0x0000000083400000, 0x0000000083400000| Untracked 
|  53|0x0000000083500000, 0x0000000083500000, 0x0000000083600000|  0%| F|  |TAMS 0x0000000083500000, 0x0000000083500000| Untracked 
|  54|0x0000000083600000, 0x0000000083600000, 0x0000000083700000|  0%| F|  |TAMS 0x0000000083600000, 0x0000000083600000| Untracked 
|  55|0x0000000083700000, 0x0000000083700000, 0x0000000083800000|  0%| F|  |TAMS 0x0000000083700000, 0x0000000083700000| Untracked 
|  56|0x0000000083800000, 0x0000000083800000, 0x0000000083900000|  0%| F|  |TAMS 0x0000000083800000, 0x0000000083800000| Untracked 
|  57|0x0000000083900000, 0x0000000083900000, 0x0000000083a00000|  0%| F|  |TAMS 0x0000000083900000, 0x0000000083900000| Untracked 
|  76|0x0000000084c00000, 0x0000000084c00000, 0x0000000084d00000|  0%| F|  |TAMS 0x0000000084c00000, 0x0000000084c00000| Untracked 
|  77|0x0000000084d00000, 0x0000000084d00000, 0x0000000084e00000|  0%| F|  |TAMS 0x0000000084d00000, 0x0000000084d00000| Untracked 
|  78|0x0000000084e00000, 0x0000000084e00000, 0x0000000084f00000|  0%| F|  |TAMS 0x0000000084e00000, 0x0000000084e00000| Untracked 
|  79|0x0000000084f00000, 0x0000000084f00000, 0x0000000085000000|  0%| F|  |TAMS 0x0000000084f00000, 0x0000000084f00000| Untracked 
|  80|0x0000000085000000, 0x0000000085000000, 0x0000000085100000|  0%| F|  |TAMS 0x0000000085000000, 0x0000000085000000| Untracked 
|  81|0x0000000085100000, 0x0000000085200000, 0x0000000085200000|100%| E|  |TAMS 0x0000000085100000, 0x0000000085100000| Complete 
|  82|0x0000000085200000, 0x0000000085300000, 0x0000000085300000|100%| E|CS|TAMS 0x0000000085200000, 0x0000000085200000| Complete 
|  83|0x0000000085300000, 0x0000000085400000, 0x0000000085400000|100%| E|CS|TAMS 0x0000000085300000, 0x0000000085300000| Complete 
| 125|0x0000000087d00000, 0x0000000087e00000, 0x0000000087e00000|100%| E|CS|TAMS 0x0000000087d00000, 0x0000000087d00000| Complete 

Card table byte_map: [0x0000016e5afb0000,0x0000016e5b3b0000] _byte_map_base: 0x0000016e5abb0000

Marking Bits (Prev, Next): (CMBitMap*) 0x0000016e4873a8b0, (CMBitMap*) 0x0000016e4873a870
 Prev Bits: [0x0000016e5d7b0000, 0x0000016e5f7b0000)
 Next Bits: [0x0000016e5b7b0000, 0x0000016e5d7b0000)

Polling page: 0x0000016e47eb0000

Metaspace:

Usage:
  Non-class:     22.77 MB used.
      Class:      3.47 MB used.
       Both:     26.24 MB used.

Virtual space:
  Non-class space:       24.00 MB reserved,      22.94 MB ( 96%) committed,  3 nodes.
      Class space:        1.00 GB reserved,       3.62 MB ( <1%) committed,  1 nodes.
             Both:        1.02 GB reserved,      26.56 MB (  3%) committed. 

Chunk freelists:
   Non-Class:  512.00 KB
       Class:  240.00 KB
        Both:  752.00 KB

MaxMetaspaceSize: unlimited
CompressedClassSpaceSize: 1.00 GB
Initial GC threshold: 21.00 MB
Current GC threshold: 35.12 MB
CDS: off
MetaspaceReclaimPolicy: balanced
 - commit_granule_bytes: 65536.
 - commit_granule_words: 8192.
 - virtual_space_node_default_size: 1048576.
 - enlarge_chunks_in_place: 1.
 - new_chunks_are_fully_committed: 0.
 - uncommit_free_chunks: 1.
 - use_allocation_guard: 0.
 - handle_deallocations: 1.


Internal statistics:

num_allocs_failed_limit: 3.
num_arena_births: 218.
num_arena_deaths: 0.
num_vsnodes_births: 4.
num_vsnodes_deaths: 0.
num_space_committed: 425.
num_space_uncommitted: 0.
num_chunks_returned_to_freelist: 3.
num_chunks_taken_from_freelist: 864.
num_chunk_merges: 3.
num_chunk_splits: 561.
num_chunks_enlarged: 402.
num_purges: 0.
num_inconsistent_stats: 0.

CodeHeap 'non-profiled nmethods': size=120000Kb used=1241Kb max_used=1241Kb free=118758Kb
 bounds [0x0000016e53680000, 0x0000016e538f0000, 0x0000016e5abb0000]
CodeHeap 'profiled nmethods': size=120000Kb used=5009Kb max_used=5009Kb free=114990Kb
 bounds [0x0000016e4bbb0000, 0x0000016e4c0a0000, 0x0000016e530e0000]
CodeHeap 'non-nmethods': size=5760Kb used=1221Kb max_used=1289Kb free=4538Kb
 bounds [0x0000016e530e0000, 0x0000016e53350000, 0x0000016e53680000]
 total_blobs=2939 nmethods=2410 adapters=441
 compilation: enabled
              stopped_count=0, restarted_count=0
 full_count=0

Compilation events (20 events):
Event: 6.165 Thread 0x0000016e6280cad0 2354       3       java.lang.invoke.VarHandleGuards::guard_LLL_Z (86 bytes)
Event: 6.168 Thread 0x0000016e6280cad0 nmethod 2354 0x0000016e4c06cc90 code [0x0000016e4c06cfe0, 0x0000016e4c06ed48]
Event: 6.168 Thread 0x0000016e6280cad0 2355       3       org.gradle.internal.service.DefaultServiceRegistry::find (142 bytes)
Event: 6.170 Thread 0x0000016e6280cad0 nmethod 2355 0x0000016e4c06f590 code [0x0000016e4c06f940, 0x0000016e4c0714b8]
Event: 6.181 Thread 0x0000016e6280cad0 2357       3       java.lang.invoke.VarHandleGuards::guard_LL_V (125 bytes)
Event: 6.184 Thread 0x0000016e6280cad0 nmethod 2357 0x0000016e4c071c90 code [0x0000016e4c0720e0, 0x0000016e4c074a98]
Event: 6.184 Thread 0x0000016e6280cad0 2361       3       jdk.internal.jimage.ImageLocation::verify (218 bytes)
Event: 6.185 Thread 0x0000016e6280cad0 nmethod 2361 0x0000016e4c075690 code [0x0000016e4c075940, 0x0000016e4c0766b8]
Event: 6.185 Thread 0x0000016e6280cad0 2360       3       java.util.concurrent.ConcurrentLinkedQueue::offer (120 bytes)
Event: 6.187 Thread 0x0000016e6280cad0 nmethod 2360 0x0000016e4c076c10 code [0x0000016e4c077040, 0x0000016e4c078f08]
Event: 6.188 Thread 0x0000016e6280cad0 2359       3       java.util.concurrent.ConcurrentLinkedQueue::add (6 bytes)
Event: 6.188 Thread 0x0000016e6280cad0 nmethod 2359 0x0000016e4c079910 code [0x0000016e4c079ac0, 0x0000016e4c079c08]
Event: 6.191 Thread 0x0000016e6280cad0 2363       3       java.lang.AbstractStringBuilder::appendChars (130 bytes)
Event: 6.192 Thread 0x0000016e6280cad0 nmethod 2363 0x0000016e4c079c90 code [0x0000016e4c079e80, 0x0000016e4c07a428]
Event: 6.192 Thread 0x0000016e6280cad0 2364       1       com.google.common.io.LineReader::access$000 (5 bytes)
Event: 6.192 Thread 0x0000016e6280cad0 nmethod 2364 0x0000016e537b4d10 code [0x0000016e537b4ea0, 0x0000016e537b4f58]
Event: 6.193 Thread 0x0000016e6280cad0 2365       3       java.lang.StringBuilder::append (10 bytes)
Event: 6.194 Thread 0x0000016e6280cad0 nmethod 2365 0x0000016e4c07a690 code [0x0000016e4c07a820, 0x0000016e4c07a968]
Event: 6.194 Thread 0x0000016e6280cad0 2366       3       java.lang.AbstractStringBuilder::append (33 bytes)
Event: 6.194 Thread 0x0000016e6280cad0 nmethod 2366 0x0000016e4c07aa10 code [0x0000016e4c07abc0, 0x0000016e4c07ada8]

GC Heap History (10 events):
Event: 0.878 GC heap before
{Heap before GC invocations=0 (full 0):
 garbage-first heap   total 129024K, used 13312K [0x0000000080000000, 0x0000000100000000)
  region size 1024K, 13 young (13312K), 0 survivors (0K)
 Metaspace       used 7082K, committed 7296K, reserved 1056768K
  class space    used 605K, committed 704K, reserved 1048576K
}
Event: 0.886 GC heap after
{Heap after GC invocations=1 (full 0):
 garbage-first heap   total 129024K, used 3709K [0x0000000080000000, 0x0000000100000000)
  region size 1024K, 2 young (2048K), 2 survivors (2048K)
 Metaspace       used 7082K, committed 7296K, reserved 1056768K
  class space    used 605K, committed 704K, reserved 1048576K
}
Event: 1.698 GC heap before
{Heap before GC invocations=1 (full 0):
 garbage-first heap   total 129024K, used 22141K [0x0000000080000000, 0x0000000100000000)
  region size 1024K, 17 young (17408K), 2 survivors (2048K)
 Metaspace       used 11083K, committed 11264K, reserved 1064960K
  class space    used 1160K, committed 1280K, reserved 1048576K
}
Event: 1.703 GC heap after
{Heap after GC invocations=2 (full 0):
 garbage-first heap   total 129024K, used 10633K [0x0000000080000000, 0x0000000100000000)
  region size 1024K, 3 young (3072K), 3 survivors (3072K)
 Metaspace       used 11083K, committed 11264K, reserved 1064960K
  class space    used 1160K, committed 1280K, reserved 1048576K
}
Event: 2.362 GC heap before
{Heap before GC invocations=2 (full 0):
 garbage-first heap   total 129024K, used 33161K [0x0000000080000000, 0x0000000100000000)
  region size 1024K, 24 young (24576K), 3 survivors (3072K)
 Metaspace       used 11184K, committed 11392K, reserved 1064960K
  class space    used 1161K, committed 1280K, reserved 1048576K
}
Event: 2.367 GC heap after
{Heap after GC invocations=3 (full 0):
 garbage-first heap   total 129024K, used 12650K [0x0000000080000000, 0x0000000100000000)
  region size 1024K, 3 young (3072K), 3 survivors (3072K)
 Metaspace       used 11184K, committed 11392K, reserved 1064960K
  class space    used 1161K, committed 1280K, reserved 1048576K
}
Event: 4.512 GC heap before
{Heap before GC invocations=3 (full 0):
 garbage-first heap   total 129024K, used 51562K [0x0000000080000000, 0x0000000100000000)
  region size 1024K, 42 young (43008K), 3 survivors (3072K)
 Metaspace       used 21190K, committed 21504K, reserved 1073152K
  class space    used 2568K, committed 2752K, reserved 1048576K
}
Event: 4.521 GC heap after
{Heap after GC invocations=4 (full 0):
 garbage-first heap   total 129024K, used 18505K [0x0000000080000000, 0x0000000100000000)
  region size 1024K, 8 young (8192K), 8 survivors (8192K)
 Metaspace       used 21190K, committed 21504K, reserved 1073152K
  class space    used 2568K, committed 2752K, reserved 1048576K
}
Event: 6.089 GC heap before
{Heap before GC invocations=5 (full 0):
 garbage-first heap   total 68608K, used 51273K [0x0000000080000000, 0x0000000100000000)
  region size 1024K, 40 young (40960K), 8 survivors (8192K)
 Metaspace       used 26270K, committed 26560K, reserved 1073152K
  class space    used 3450K, committed 3584K, reserved 1048576K
}
Event: 6.102 GC heap after
{Heap after GC invocations=6 (full 0):
 garbage-first heap   total 68608K, used 20280K [0x0000000080000000, 0x0000000100000000)
  region size 1024K, 2 young (2048K), 2 survivors (2048K)
 Metaspace       used 26270K, committed 26560K, reserved 1073152K
  class space    used 3450K, committed 3584K, reserved 1048576K
}

Dll operation events (2 events):
Event: 0.009 Loaded shared library C:\Program Files\Android\Android Studio\jbr\bin\java.dll
Event: 0.808 Loaded shared library C:\Program Files\Android\Android Studio\jbr\bin\verify.dll

Deoptimization events (20 events):
Event: 4.930 Thread 0x0000016e63ec0730 DEOPT PACKING pc=0x0000016e537369fc sp=0x0000006113bfce20
Event: 4.930 Thread 0x0000016e63ec0730 DEOPT UNPACKING pc=0x0000016e531369a3 sp=0x0000006113bfccb8 mode 2
Event: 4.998 Thread 0x0000016e63ec0730 Uncommon trap: trap_request=0xffffff45 fr.pc=0x0000016e5369a184 relative=0x0000000000000b04
Event: 4.998 Thread 0x0000016e63ec0730 Uncommon trap: reason=unstable_if action=reinterpret pc=0x0000016e5369a184 method=java.io.WinNTFileSystem.resolve(Ljava/lang/String;Ljava/lang/String;)Ljava/lang/String; @ 19 c2
Event: 4.998 Thread 0x0000016e63ec0730 DEOPT PACKING pc=0x0000016e5369a184 sp=0x0000006113bfcd20
Event: 4.998 Thread 0x0000016e63ec0730 DEOPT UNPACKING pc=0x0000016e531369a3 sp=0x0000006113bfccc8 mode 2
Event: 5.002 Thread 0x0000016e63ec0730 Uncommon trap: trap_request=0xffffff45 fr.pc=0x0000016e536f3928 relative=0x0000000000000608
Event: 5.002 Thread 0x0000016e63ec0730 Uncommon trap: reason=unstable_if action=reinterpret pc=0x0000016e536f3928 method=java.io.File.getName()Ljava/lang/String; @ 16 c2
Event: 5.002 Thread 0x0000016e63ec0730 DEOPT PACKING pc=0x0000016e536f3928 sp=0x0000006113bfccc0
Event: 5.002 Thread 0x0000016e63ec0730 DEOPT UNPACKING pc=0x0000016e531369a3 sp=0x0000006113bfcc90 mode 2
Event: 5.893 Thread 0x0000016e63ec0730 Uncommon trap: trap_request=0xffffff45 fr.pc=0x0000016e53773094 relative=0x0000000000000734
Event: 5.893 Thread 0x0000016e63ec0730 Uncommon trap: reason=unstable_if action=reinterpret pc=0x0000016e53773094 method=java.util.HashMap.putVal(ILjava/lang/Object;Ljava/lang/Object;ZZ)Ljava/lang/Object; @ 206 c2
Event: 5.894 Thread 0x0000016e63ec0730 DEOPT PACKING pc=0x0000016e53773094 sp=0x0000006113bfad50
Event: 5.895 Thread 0x0000016e63ec0730 DEOPT UNPACKING pc=0x0000016e531369a3 sp=0x0000006113bfac80 mode 2
Event: 5.897 Thread 0x0000016e63ec0730 Uncommon trap: trap_request=0xffffff45 fr.pc=0x0000016e537a3640 relative=0x00000000000007e0
Event: 5.897 Thread 0x0000016e63ec0730 Uncommon trap: reason=unstable_if action=reinterpret pc=0x0000016e537a3640 method=java.util.HashMap.putVal(ILjava/lang/Object;Ljava/lang/Object;ZZ)Ljava/lang/Object; @ 206 c2
Event: 5.897 Thread 0x0000016e63ec0730 DEOPT PACKING pc=0x0000016e537a3640 sp=0x0000006113bfacb0
Event: 5.897 Thread 0x0000016e63ec0730 DEOPT UNPACKING pc=0x0000016e531369a3 sp=0x0000006113bfac78 mode 2
Event: 6.052 Thread 0x0000016e63ec0730 DEOPT PACKING pc=0x0000016e4bfffc54 sp=0x0000006113bf9810
Event: 6.052 Thread 0x0000016e63ec0730 DEOPT UNPACKING pc=0x0000016e53137143 sp=0x0000006113bf8d68 mode 0

Classes unloaded (0 events):
No events

Classes redefined (0 events):
No events

Internal exceptions (20 events):
Event: 4.360 Thread 0x0000016e63ec0730 Exception <a 'java/lang/NoSuchMethodError'{0x0000000085791fb0}: 'void java.lang.invoke.DirectMethodHandle$Holder.invokeSpecial(java.lang.Object, java.lang.Object, java.lang.Object, java.lang.Object, java.lang.Object)'> (0x0000000085791fb0) 
thrown [s\src\hotspot\share\interpreter\linkResolver.cpp, line 771]
Event: 4.464 Thread 0x0000016e63ec0730 Exception <a 'java/lang/NoSuchMethodError'{0x000000008541b138}: 'void java.lang.invoke.DelegatingMethodHandle$Holder.reinvoke_L(java.lang.Object, java.lang.Object, java.lang.Object, java.lang.Object, java.lang.Object, java.lang.Object, java.lang.Object, java.lang.Object, java.lang.Object, java.lang.Object, java.lang.Object)'> (0x000000008541b138) 
thrown [s\src\hotspot\share\interpreter\linkResolver.cpp, line 771]
Event: 4.465 Thread 0x0000016e63ec0730 Exception <a 'java/lang/NoSuchMethodError'{0x0000000085423c38}: 'java.lang.Object java.lang.invoke.DirectMethodHandle$Holder.invokeSpecial(java.lang.Object, java.lang.Object, java.lang.Object, java.lang.Object, java.lang.Object, java.lang.Object, java.lang.Object, java.lang.Object, java.lang.Object, java.lang.Object, java.lang.Object)'> (0x0000000085423c38) 
thrown [s\src\hotspot\share\interpreter\linkResolver.cpp, line 771]
Event: 4.465 Thread 0x0000016e63ec0730 Exception <a 'java/lang/NoSuchMethodError'{0x0000000085428700}: 'java.lang.Object java.lang.invoke.Invokers$Holder.invoker(java.lang.Object, java.lang.Object, java.lang.Object, java.lang.Object, java.lang.Object, java.lang.Object, java.lang.Object, java.lang.Object, java.lang.Object, java.lang.Object, java.lang.Object)'> (0x0000000085428700) 
thrown [s\src\hotspot\share\interpreter\linkResolver.cpp, line 771]
Event: 4.466 Thread 0x0000016e63ec0730 Exception <a 'java/lang/NoSuchMethodError'{0x000000008542e4f8}: 'java.lang.Object java.lang.invoke.DirectMethodHandle$Holder.invokeSpecial(java.lang.Object, java.lang.Object, java.lang.Object, java.lang.Object, java.lang.Object, java.lang.Object, java.lang.Object, java.lang.Object, java.lang.Object, java.lang.Object, java.lang.Object, java.lang.Object)'> (0x000000008542e4f8) 
thrown [s\src\hotspot\share\interpreter\linkResolver.cpp, line 771]
Event: 4.543 Thread 0x0000016e63ec0730 Exception <a 'java/lang/NoSuchMethodError'{0x0000000087d48ac8}: 'java.lang.Object java.lang.invoke.DirectMethodHandle$Holder.invokeSpecial(java.lang.Object, java.lang.Object, java.lang.Object, java.lang.Object, java.lang.Object, java.lang.Object, java.lang.Object, java.lang.Object, java.lang.Object)'> (0x0000000087d48ac8) 
thrown [s\src\hotspot\share\interpreter\linkResolver.cpp, line 771]
Event: 4.792 Thread 0x0000016e63ec0730 Exception <a 'java/lang/NoSuchMethodError'{0x00000000837c2fa8}: 'void java.lang.invoke.DirectMethodHandle$Holder.invokeStaticInit(java.lang.Object)'> (0x00000000837c2fa8) 
thrown [s\src\hotspot\share\interpreter\linkResolver.cpp, line 771]
Event: 4.820 Thread 0x0000016e63ec0730 Exception <a 'java/lang/NoSuchMethodError'{0x00000000836560f8}: 'java.lang.Object java.lang.invoke.DirectMethodHandle$Holder.newInvokeSpecial(java.lang.Object, java.lang.Object, java.lang.Object, int)'> (0x00000000836560f8) 
thrown [s\src\hotspot\share\interpreter\linkResolver.cpp, line 771]
Event: 4.822 Thread 0x0000016e63ec0730 Exception <a 'java/lang/NoSuchMethodError'{0x000000008365aa28}: 'java.lang.Object java.lang.invoke.DirectMethodHandle$Holder.invokeSpecial(java.lang.Object, java.lang.Object, java.lang.Object, java.lang.Object, int)'> (0x000000008365aa28) 
thrown [s\src\hotspot\share\interpreter\linkResolver.cpp, line 771]
Event: 4.822 Thread 0x0000016e63ec0730 Exception <a 'java/lang/NoSuchMethodError'{0x000000008365eb40}: 'java.lang.Object java.lang.invoke.Invokers$Holder.linkToTargetMethod(java.lang.Object, java.lang.Object, int, java.lang.Object)'> (0x000000008365eb40) 
thrown [s\src\hotspot\share\interpreter\linkResolver.cpp, line 771]
Event: 5.413 Thread 0x0000016e63ec0730 Exception <a 'java/lang/NoSuchMethodError'{0x0000000082a607b0}: 'int java.lang.invoke.DirectMethodHandle$Holder.invokeSpecialIFC(java.lang.Object, java.lang.Object, java.lang.Object, java.lang.Object)'> (0x0000000082a607b0) 
thrown [s\src\hotspot\share\interpreter\linkResolver.cpp, line 771]
Event: 5.415 Thread 0x0000016e63ec0730 Exception <a 'java/lang/NoSuchMethodError'{0x0000000082a6f808}: 'java.lang.Object java.lang.invoke.DirectMethodHandle$Holder.invokeInterface(java.lang.Object, java.lang.Object, java.lang.Object)'> (0x0000000082a6f808) 
thrown [s\src\hotspot\share\interpreter\linkResolver.cpp, line 771]
Event: 5.416 Thread 0x0000016e63ec0730 Exception <a 'java/lang/IncompatibleClassChangeError'{0x0000000082a73420}: Found class java.lang.Object, but interface was expected> (0x0000000082a73420) 
thrown [s\src\hotspot\share\interpreter\linkResolver.cpp, line 838]
Event: 5.481 Thread 0x0000016e63ec0730 Exception <a 'java/lang/NoSuchMethodError'{0x000000008294a548}: 'int java.lang.invoke.DirectMethodHandle$Holder.invokeStatic(java.lang.Object, java.lang.Object, java.lang.Object, java.lang.Object)'> (0x000000008294a548) 
thrown [s\src\hotspot\share\interpreter\linkResolver.cpp, line 771]
Event: 5.482 Thread 0x0000016e63ec0730 Exception <a 'java/lang/NoSuchMethodError'{0x000000008294e170}: 'java.lang.Object java.lang.invoke.Invokers$Holder.invokeExact_MT(java.lang.Object, java.lang.Object, java.lang.Object, java.lang.Object, java.lang.Object, java.lang.Object)'> (0x000000008294e170) 
thrown [s\src\hotspot\share\interpreter\linkResolver.cpp, line 771]
Event: 5.835 Thread 0x0000016e63ec0730 Exception <a 'java/lang/NoSuchMethodError'{0x0000000082175660}: 'void java.lang.invoke.DirectMethodHandle$Holder.invokeStatic(java.lang.Object, java.lang.Object)'> (0x0000000082175660) 
thrown [s\src\hotspot\share\interpreter\linkResolver.cpp, line 771]
Event: 5.847 Thread 0x0000016e63ec0730 Exception <a 'java/lang/NoSuchMethodError'{0x00000000821d52f0}: 'java.lang.Object java.lang.invoke.DirectMethodHandle$Holder.invokeVirtual(java.lang.Object, java.lang.Object, java.lang.Object, java.lang.Object)'> (0x00000000821d52f0) 
thrown [s\src\hotspot\share\interpreter\linkResolver.cpp, line 771]
Event: 5.909 Thread 0x0000016e63ec0730 Exception <a 'java/lang/NoSuchMethodError'{0x0000000081f752a0}: 'java.lang.Object java.lang.invoke.DirectMethodHandle$Holder.newInvokeSpecial(java.lang.Object, java.lang.Object, java.lang.Object, java.lang.Object, java.lang.Object, java.lang.Object, java.lang.Object)'> (0x0000000081f752a0) 
thrown [s\src\hotspot\share\interpreter\linkResolver.cpp, line 771]
Event: 5.909 Thread 0x0000016e63ec0730 Exception <a 'java/lang/NoSuchMethodError'{0x0000000081f79f70}: 'java.lang.Object java.lang.invoke.Invokers$Holder.linkToTargetMethod(java.lang.Object, java.lang.Object, java.lang.Object, java.lang.Object, java.lang.Object, java.lang.Object, java.lang.Object)'> (0x0000000081f79f70) 
thrown [s\src\hotspot\share\interpreter\linkResolver.cpp, line 771]
Event: 5.965 Thread 0x0000016e63ec0730 Exception <a 'java/lang/NoSuchMethodError'{0x0000000081ecde20}: 'java.lang.Object java.lang.invoke.DirectMethodHandle$Holder.invokeVirtual(java.lang.Object, java.lang.Object, java.lang.Object, java.lang.Object, java.lang.Object, java.lang.Object, java.lang.Object, java.lang.Object, java.lang.Object, java.lang.Object, java.lang.Object, java.lang.Object, java.lang.Object, java.lang.Object, java.lang.Object, java.lang.Object, java.lang.Object, java.lang.Object, java.lang.Object, java.lang.Object, java.lang.Ob

VM Operations (20 events):
Event: 3.348 Executing VM operation: HandshakeAllThreads
Event: 3.348 Executing VM operation: HandshakeAllThreads done
Event: 3.684 Executing VM operation: HandshakeAllThreads
Event: 3.684 Executing VM operation: HandshakeAllThreads done
Event: 3.684 Executing VM operation: Cleanup
Event: 3.684 Executing VM operation: Cleanup done
Event: 3.773 Executing VM operation: HandshakeAllThreads
Event: 3.773 Executing VM operation: HandshakeAllThreads done
Event: 4.512 Executing VM operation: CollectForMetadataAllocation
Event: 4.521 Executing VM operation: CollectForMetadataAllocation done
Event: 4.532 Executing VM operation: G1Concurrent
Event: 4.534 Executing VM operation: G1Concurrent done
Event: 4.537 Executing VM operation: G1Concurrent
Event: 4.539 Executing VM operation: G1Concurrent done
Event: 5.080 Executing VM operation: HandshakeAllThreads
Event: 5.080 Executing VM operation: HandshakeAllThreads done
Event: 5.081 Executing VM operation: HandshakeAllThreads
Event: 5.081 Executing VM operation: HandshakeAllThreads done
Event: 6.088 Executing VM operation: G1CollectForAllocation
Event: 6.102 Executing VM operation: G1CollectForAllocation done

Events (20 events):
Event: 5.431 loading class java/io/ObjectOutputStream
Event: 5.432 loading class java/io/ObjectOutput
Event: 5.432 loading class java/io/ObjectOutput done
Event: 5.432 loading class java/io/ObjectStreamConstants
Event: 5.432 loading class java/io/ObjectStreamConstants done
Event: 5.432 loading class java/io/ObjectOutputStream done
Event: 5.433 loading class java/io/ObjectInputStream
Event: 5.434 loading class java/io/ObjectInput
Event: 5.436 loading class java/io/ObjectInput done
Event: 5.436 loading class java/io/ObjectInputStream done
Event: 5.809 loading class javax/xml/parsers/ParserConfigurationException
Event: 5.810 loading class javax/xml/parsers/ParserConfigurationException done
Event: 5.810 loading class org/xml/sax/SAXException
Event: 5.810 loading class org/xml/sax/SAXException done
Event: 5.811 loading class javax/xml/xpath/XPathExpressionException
Event: 5.811 loading class javax/xml/xpath/XPathException
Event: 5.812 loading class javax/xml/xpath/XPathException done
Event: 5.812 loading class javax/xml/xpath/XPathExpressionException done
Event: 5.812 loading class org/xml/sax/ErrorHandler
Event: 5.812 loading class org/xml/sax/ErrorHandler done


Dynamic libraries:
0x00007ff7cb120000 - 0x00007ff7cb12a000 	C:\Program Files\Android\Android Studio\jbr\bin\java.exe
0x00007ffa328b0000 - 0x00007ffa32aa8000 	C:\WINDOWS\SYSTEM32\ntdll.dll
0x00007ffa32600000 - 0x00007ffa326bf000 	C:\WINDOWS\System32\KERNEL32.DLL
0x00007ffa30610000 - 0x00007ffa30906000 	C:\WINDOWS\System32\KERNELBASE.dll
0x00007ffa30190000 - 0x00007ffa30290000 	C:\WINDOWS\System32\ucrtbase.dll
0x00007ffa24750000 - 0x00007ffa2476b000 	C:\Program Files\Android\Android Studio\jbr\bin\VCRUNTIME140.dll
0x00007ffa1dff0000 - 0x00007ffa1e007000 	C:\Program Files\Android\Android Studio\jbr\bin\jli.dll
0x00007ffa31200000 - 0x00007ffa3139d000 	C:\WINDOWS\System32\USER32.dll
0x00007ffa30550000 - 0x00007ffa30572000 	C:\WINDOWS\System32\win32u.dll
0x00007ffa31f20000 - 0x00007ffa31f4c000 	C:\WINDOWS\System32\GDI32.dll
0x00007ffa30400000 - 0x00007ffa30515000 	C:\WINDOWS\System32\gdi32full.dll
0x00007ffa1f100000 - 0x00007ffa1f39a000 	C:\WINDOWS\WinSxS\amd64_microsoft.windows.common-controls_6595b64144ccf1df_6.0.19041.1110_none_60b5254171f9507e\COMCTL32.dll
0x00007ffa2ff90000 - 0x00007ffa3002d000 	C:\WINDOWS\System32\msvcp_win.dll
0x00007ffa317f0000 - 0x00007ffa3188e000 	C:\WINDOWS\System32\msvcrt.dll
0x00007ffa31700000 - 0x00007ffa31730000 	C:\WINDOWS\System32\IMM32.DLL
0x00007ffa2b1d0000 - 0x00007ffa2b1dc000 	C:\Program Files\Android\Android Studio\jbr\bin\vcruntime140_1.dll
0x00007ffa09be0000 - 0x00007ffa09c6d000 	C:\Program Files\Android\Android Studio\jbr\bin\msvcp140.dll
0x00007ff9f2320000 - 0x00007ff9f2f8e000 	C:\Program Files\Android\Android Studio\jbr\bin\server\jvm.dll
0x00007ffa30970000 - 0x00007ffa30a1f000 	C:\WINDOWS\System32\ADVAPI32.dll
0x00007ffa320f0000 - 0x00007ffa3218c000 	C:\WINDOWS\System32\sechost.dll
0x00007ffa32400000 - 0x00007ffa32526000 	C:\WINDOWS\System32\RPCRT4.dll
0x00007ffa1e970000 - 0x00007ffa1e997000 	C:\WINDOWS\SYSTEM32\WINMM.dll
0x00007ffa1c970000 - 0x00007ffa1c979000 	C:\WINDOWS\SYSTEM32\WSOCK32.dll
0x00007ffa326c0000 - 0x00007ffa3272b000 	C:\WINDOWS\System32\WS2_32.dll
0x00007ffa27080000 - 0x00007ffa2708a000 	C:\WINDOWS\SYSTEM32\VERSION.dll
0x00007ffa2e790000 - 0x00007ffa2e7a2000 	C:\WINDOWS\SYSTEM32\kernel.appcore.dll
0x00007ffa2a1e0000 - 0x00007ffa2a1ea000 	C:\Program Files\Android\Android Studio\jbr\bin\jimage.dll
0x00007ffa2dcf0000 - 0x00007ffa2ded4000 	C:\WINDOWS\SYSTEM32\DBGHELP.DLL
0x00007ffa1b3f0000 - 0x00007ffa1b424000 	C:\WINDOWS\SYSTEM32\dbgcore.DLL
0x00007ffa30580000 - 0x00007ffa30602000 	C:\WINDOWS\System32\bcryptPrimitives.dll
0x00007ffa29120000 - 0x00007ffa29145000 	C:\Program Files\Android\Android Studio\jbr\bin\java.dll
0x00007ffa2a190000 - 0x00007ffa2a1a8000 	C:\Program Files\Android\Android Studio\jbr\bin\zip.dll
0x00007ffa30a80000 - 0x00007ffa311c4000 	C:\WINDOWS\System32\SHELL32.dll
0x00007ffa2dfe0000 - 0x00007ffa2e774000 	C:\WINDOWS\SYSTEM32\windows.storage.dll
0x00007ffa313a0000 - 0x00007ffa316f4000 	C:\WINDOWS\System32\combase.dll
0x00007ffa2f8f0000 - 0x00007ffa2f91e000 	C:\WINDOWS\SYSTEM32\Wldp.dll
0x00007ffa31730000 - 0x00007ffa317dd000 	C:\WINDOWS\System32\SHCORE.dll
0x00007ffa31d90000 - 0x00007ffa31de5000 	C:\WINDOWS\System32\shlwapi.dll
0x00007ffa2fec0000 - 0x00007ffa2fee5000 	C:\WINDOWS\SYSTEM32\profapi.dll
0x00007ffa28fc0000 - 0x00007ffa28fd9000 	C:\Program Files\Android\Android Studio\jbr\bin\net.dll
0x00007ffa20710000 - 0x00007ffa2081a000 	C:\WINDOWS\SYSTEM32\WINHTTP.dll
0x00007ffa2f6d0000 - 0x00007ffa2f73a000 	C:\WINDOWS\system32\mswsock.dll
0x00007ffa245b0000 - 0x00007ffa245c6000 	C:\Program Files\Android\Android Studio\jbr\bin\nio.dll
0x00007ffa28730000 - 0x00007ffa28740000 	C:\Program Files\Android\Android Studio\jbr\bin\verify.dll
0x00007ffa24770000 - 0x00007ffa24797000 	C:\Users\Admin\.gradle\native\68d5fa5c4cc2d200863cafc0d521ce42e7d3e7ee720ec0a83991735586a16f82\windows-amd64\native-platform.dll
0x00007ff9fcb10000 - 0x00007ff9fcc54000 	C:\Users\Admin\.gradle\native\e376f236ea51e6404a007f0833ffe2c6e607c4080706a723a18a27aeea778392\windows-amd64\native-platform-file-events.dll
0x00007ffa28530000 - 0x00007ffa28539000 	C:\Program Files\Android\Android Studio\jbr\bin\management.dll
0x00007ffa245a0000 - 0x00007ffa245ab000 	C:\Program Files\Android\Android Studio\jbr\bin\management_ext.dll
0x00007ffa32190000 - 0x00007ffa32198000 	C:\WINDOWS\System32\PSAPI.DLL
0x00007ffa2fc30000 - 0x00007ffa2fc48000 	C:\WINDOWS\SYSTEM32\CRYPTSP.dll
0x00007ffa2efa0000 - 0x00007ffa2efd4000 	C:\WINDOWS\system32\rsaenh.dll
0x00007ffa30520000 - 0x00007ffa30547000 	C:\WINDOWS\System32\bcrypt.dll
0x00007ffa2fe80000 - 0x00007ffa2feae000 	C:\WINDOWS\SYSTEM32\USERENV.dll
0x00007ffa2f860000 - 0x00007ffa2f86c000 	C:\WINDOWS\SYSTEM32\CRYPTBASE.dll
0x00007ffa2f390000 - 0x00007ffa2f3cc000 	C:\WINDOWS\SYSTEM32\IPHLPAPI.DLL
0x00007ffa311d0000 - 0x00007ffa311d8000 	C:\WINDOWS\System32\NSI.dll
0x00007ffa23620000 - 0x00007ffa23637000 	C:\WINDOWS\SYSTEM32\dhcpcsvc6.DLL
0x00007ffa27010000 - 0x00007ffa2702d000 	C:\WINDOWS\SYSTEM32\dhcpcsvc.DLL
0x00007ffa2f3d0000 - 0x00007ffa2f49a000 	C:\WINDOWS\SYSTEM32\DNSAPI.dll
0x00007ffa23ab0000 - 0x00007ffa23ab7000 	C:\WINDOWS\system32\wshunix.dll

dbghelp: loaded successfully - version: 4.0.5 - missing functions: none
symbol engine: initialized successfully - sym options: 0x614 - pdb path: .;C:\Program Files\Android\Android Studio\jbr\bin;C:\WINDOWS\SYSTEM32;C:\WINDOWS\WinSxS\amd64_microsoft.windows.common-controls_6595b64144ccf1df_6.0.19041.1110_none_60b5254171f9507e;C:\Program Files\Android\Android Studio\jbr\bin\server;C:\Users\Admin\.gradle\native\68d5fa5c4cc2d200863cafc0d521ce42e7d3e7ee720ec0a83991735586a16f82\windows-amd64;C:\Users\Admin\.gradle\native\e376f236ea51e6404a007f0833ffe2c6e607c4080706a723a18a27aeea778392\windows-amd64

VM Arguments:
jvm_args: --add-opens=java.base/java.util=ALL-UNNAMED --add-opens=java.base/java.lang=ALL-UNNAMED --add-opens=java.base/java.lang.invoke=ALL-UNNAMED --add-opens=java.prefs/java.util.prefs=ALL-UNNAMED --add-opens=java.base/java.nio.charset=ALL-UNNAMED --add-opens=java.base/java.net=ALL-UNNAMED --add-opens=java.base/java.util.concurrent.atomic=ALL-UNNAMED -Xmx2048m -Dfile.encoding=UTF-8 -Duser.country=US -Duser.language=en -Duser.variant 
java_command: org.gradle.launcher.daemon.bootstrap.GradleDaemon 8.0
java_class_path (initial): C:\Users\Admin\.gradle\wrapper\dists\gradle-8.0-bin\ca5e32bp14vu59qr306oxotwh\gradle-8.0\lib\gradle-launcher-8.0.jar
Launcher Type: SUN_STANDARD

[Global flags]
     intx CICompilerCount                          = 3                                         {product} {ergonomic}
     uint ConcGCThreads                            = 1                                         {product} {ergonomic}
     uint G1ConcRefinementThreads                  = 4                                         {product} {ergonomic}
   size_t G1HeapRegionSize                         = 1048576                                   {product} {ergonomic}
    uintx GCDrainStackTargetSize                   = 64                                        {product} {ergonomic}
   size_t InitialHeapSize                          = 132120576                                 {product} {ergonomic}
   size_t MarkStackSize                            = 4194304                                   {product} {ergonomic}
   size_t MaxHeapSize                              = 2147483648                                {product} {command line}
   size_t MaxNewSize                               = 1287651328                                {product} {ergonomic}
   size_t MinHeapDeltaBytes                        = 1048576                                   {product} {ergonomic}
   size_t MinHeapSize                              = 8388608                                   {product} {ergonomic}
    uintx NonNMethodCodeHeapSize                   = 5832780                                {pd product} {ergonomic}
    uintx NonProfiledCodeHeapSize                  = 122912730                              {pd product} {ergonomic}
    uintx ProfiledCodeHeapSize                     = 122912730                              {pd product} {ergonomic}
    uintx ReservedCodeCacheSize                    = 251658240                              {pd product} {ergonomic}
     bool SegmentedCodeCache                       = true                                      {product} {ergonomic}
   size_t SoftMaxHeapSize                          = 2147483648                             {manageable} {ergonomic}
     bool UseCompressedClassPointers               = true                           {product lp64_product} {ergonomic}
     bool UseCompressedOops                        = true                           {product lp64_product} {ergonomic}
     bool UseG1GC                                  = true                                      {product} {ergonomic}
     bool UseLargePagesIndividualAllocation        = false                                  {pd product} {ergonomic}

Logging:
Log output configuration:
 #0: stdout all=warning uptime,level,tags
 #1: stderr all=off uptime,level,tags

Environment Variables:
JAVA_HOME=C:\Program Files\Java\jdk1.8.0_202
PATH=C:\Program Files (x86)\Common Files\Oracle\Java\javapath;C:\WINDOWS\system32;C:\WINDOWS;C:\WINDOWS\System32\Wbem;C:\WINDOWS\System32\WindowsPowerShell\v1.0\;C:\WINDOWS\System32\OpenSSH\;C:\Program Files\Git\cmd;C:\Program Files\Amazon\AWSCLIV2\;C:\Program Files (x86)\IncrediBuild;C:\Program Files\dotnet\;C:\ProgramData\chocolatey\bin;C:\Program Files\Java\jdk1.8.0_202\bin;C:\Program Files\Microsoft\jdk-11.0.12.7-hotspot\bin;C:\Program Files\kotlinc\bin;C:\Users\Admin\Desktop\OOPs concept;C:\Program Files\nodejs\;C:\Program Files\Common Files\Oracle\Java\javapath;C:\WINDOWS\system32;C:\WINDOWS;C:\WINDOWS\System32\Wbem;C:\WINDOWS\System32\WindowsPowerShell\v1.0\;C:\WINDOWS\System32\OpenSSH\;C:\Program Files\Git\cmd;C:\Program Files\nodejs\;C:\Program Files\Amazon\AWSCLIV2\;C:\Users\Admin\AppData\Local\Microsoft\WindowsApps;C:\Users\Admin\AppData\Local\Programs\Microsoft VS Code\bin;C:\Program Files (x86)\mingw-w64\i686-8.1.0-posix-dwarf-rt_v6-rev0\mingw32\bin;C:\Program Files;C:\Users\Admin\.windows-build-tools\python27\Scripts;C:\Users\Admin\.windows-build-tools\python27;C:\Users\Admin\Documents\flutter\bin;C:\Flex Windows\gcc\bin;C:\Flex Windows\Lex\bin;C:\Flex Windows\bison\bin;C:\Program Files\kotlinc\bin;C:\Users\Admin\Desktop\OOPs concept;C:\Users\Admin\AppData\Roaming\npm
USERNAME=Admin
OS=Windows_NT
PROCESSOR_IDENTIFIER=Intel64 Family 6 Model 78 Stepping 3, GenuineIntel
TMP=C:\Users\Admin\AppData\Local\Temp
TEMP=C:\Users\Admin\AppData\Local\Temp


JNI global refs:
JNI global refs: 21, weak refs: 2

JNI global refs memory usage: 843, weak refs: 841


---------------  S Y S T E M  ---------------

OS:
 Windows 10 , 64 bit Build 19041 (10.0.19041.3155)
OS uptime: 4 days 2:48 hours
Hyper-V role detected

CPU: total 4 (initial active 4) (2 cores per cpu, 2 threads per core) family 6 model 78 stepping 3 microcode 0xdc, cx8, cmov, fxsr, ht, mmx, 3dnowpref, sse, sse2, sse3, ssse3, sse4.1, sse4.2, popcnt, lzcnt, tsc, tscinvbit, avx, avx2, aes, erms, clmul, bmi1, bmi2, rtm, adx, fma, vzeroupper, clflush, clflushopt, hv

Memory: 4k page, system-wide physical 8013M (306M free)
TotalPageFile size 10858M (AvailPageFile size 2M)
current process WorkingSet (physical memory assigned to process): 163M, peak: 163M
current process commit charge ("private bytes"): 201M, peak: 251M

vm_info: OpenJDK 64-Bit Server VM (17.0.6+0-b2043.56-10027231) for windows-amd64 JRE (17.0.6+0-b2043.56-10027231), built on Apr 28 2023 00:43:19 by "androidbuild" with MS VC++ 16.10 / 16.11 (VS2019)

END.
